<?xml version="1.0" encoding="UTF-8"?>
<!-- Generated by org.testng.reporters.JUnitReportReporter -->
<testsuite hostname="INL-7TVF2G2" name="com.qa.testng.PostAPITest" tests="1" failures="0" timestamp="5 Nov 2018 10:33:39 GMT" time="2.547" errors="0">
  <testcase name="postApiTest" time="2.547" classname="com.qa.testng.PostAPITest"/>
</testsuite> <!-- com.qa.testng.PostAPITest -->
